<?xml version="1.0" encoding="UTF-8"?>
<!-- Generated by org.testng.reporters.JUnitReportReporter -->
<testsuite skipped="0" hostname="admin-PC" name="com.Test.Test_01" tests="1" failures="0" timestamp="08 Jun 2018 08:37:01 GMT" time="0.373" errors="0">
  <testcase name="Test1" time="0.373" classname="com.Test.Test_01"/>
</testsuite> <!-- com.Test.Test_01 -->
